<?xml version="1.0" encoding="UTF-8"?>
<testsuite xmlns:xsi="http://www.w3.org/2001/XMLSchema-instance" xsi:noNamespaceSchemaLocation="https://maven.apache.org/surefire/maven-surefire-plugin/xsd/surefire-test-report.xsd" name="ml.techsingou.MathUtilsTest" time="0.223" tests="7" errors="0" skipped="1" failures="0">
  <properties>
[...]
</properties>
  <testcase name="testAdd" classname="ml.techsingou.MathUtilsTest" time="0.05"/>
  <testcase name="testDisabled" classname="ml.techsingou.MathUtilsTest" time="0">
    <skipped message="void ml.techsingou.MathUtilsTest.testDisabled() is @Disabled"/>
  </testcase>
  <testcase name="testDivide" classname="ml.techsingou.MathUtilsTest" time="0.022"/>
  <testcase name="testMultiply" classname="ml.techsingou.MathUtilsTest" time="0.016"/>
  <testcase name="testComputeCircleRadius[1]" classname="ml.techsingou.MathUtilsTest" time="0.008"/>
  <testcase name="testComputeCircleRadius[2]" classname="ml.techsingou.MathUtilsTest" time="0.002"/>
  <testcase name="testComputeCircleRadius[3]" classname="ml.techsingou.MathUtilsTest" time="0.003"/>
</testsuite>